<?xml version="1.0" encoding="UTF-8"?>
<!-- Generated by org.testng.reporters.JUnitReportReporter -->
<testsuite skipped="0" hostname="DESKTOP-22L06CP" name="assignment.Weight.Watchers.testRunner.TestRunner" tests="1" failures="0" timestamp="14 Mar 2018 01:16:07 GMT" time="3.162" errors="0">
  <testcase name="test3b" time="3.162" classname="assignment.Weight.Watchers.testRunner.TestRunner"/>
</testsuite> <!-- assignment.Weight.Watchers.testRunner.TestRunner -->
